<?xml version="1.0" encoding="UTF-8"?>
<!-- Generated by org.testng.reporters.JUnitReportReporter -->
<testsuite hostname="WIN-83OHREFUMP7" failures="0" tests="1" name="TestCases.TC02_Login" time="2.554" errors="0" timestamp="2024-07-05T20:08:20 EEST" skipped="0">
  <testcase classname="TestCases.TC02_Login" name="loginWithValidData_P" time="2.554"/>
</testsuite> <!-- TestCases.TC02_Login -->
