<?xml version="1.0" encoding="UTF-8"?>
<!-- Generated by org.testng.reporters.JUnitReportReporter -->
<testsuite hostname="WIN-83OHREFUMP7" failures="0" tests="1" name="TestCases.TC01_Register" time="4.584" errors="0" timestamp="2024-07-05T20:08:20 EEST" skipped="0">
  <testcase classname="TestCases.TC01_Register" name="CheckSignUpLinkClickable" time="4.584"/>
</testsuite> <!-- TestCases.TC01_Register -->
